<?xml version="1.0" encoding="UTF-8" ?>
<testsuite tests="1" failures="0" name="UnitTest.DirectoryPathTest" time="0.131" errors="1" skipped="0">
  <properties>
[...]
</properties>
  <testcase classname="UnitTest.DirectoryPathTest" name="convertExternalFile" time="0.131">
    <error message="tempDir\-for-working-papers-in-scandinavian-syntax-pdf.xml (Das System kann die angegebene Datei nicht finden)" type="java.io.FileNotFoundException">java.io.FileNotFoundException: tempDir\-for-working-papers-in-scandinavian-syntax-pdf.xml (Das System kann die angegebene Datei nicht finden)
	at java.base/java.io.FileInputStream.open0(Native Method)
	at java.base/java.io.FileInputStream.open(FileInputStream.java:213)
	at java.base/java.io.FileInputStream.&lt;init&gt;(FileInputStream.java:155)
	at java.base/java.io.FileReader.&lt;init&gt;(FileReader.java:75)
	at util.PDFToXML.formatXmlFile(PDFToXML.java:55)
	at util.PDFToXML.convertToXml(PDFToXML.java:48)
	at UnitTest.DirectoryPathTest.convertExternalFile(DirectoryPathTest.java:14)
	at java.base/jdk.internal.reflect.NativeMethodAccessorImpl.invoke0(Native Method)
	at java.base/jdk.internal.reflect.NativeMethodAccessorImpl.invoke(NativeMethodAccessorImpl.java:62)
	at java.base/jdk.internal.reflect.DelegatingMethodAccessorImpl.invoke(DelegatingMethodAccessorImpl.java:43)
	at java.base/java.lang.reflect.Method.invoke(Method.java:567)
	at org.junit.runners.model.FrameworkMethod$1.runReflectiveCall(FrameworkMethod.java:50)
	at org.junit.internal.runners.model.ReflectiveCallable.run(ReflectiveCallable.java:12)
	at org.junit.runners.model.FrameworkMethod.invokeExplosively(FrameworkMethod.java:47)
	at org.junit.internal.runners.statements.InvokeMethod.evaluate(InvokeMethod.java:17)
	at org.junit.runners.ParentRunner.runLeaf(ParentRunner.java:325)
	at org.junit.runners.BlockJUnit4ClassRunner.runChild(BlockJUnit4ClassRunner.java:78)
	at org.junit.runners.BlockJUnit4ClassRunner.runChild(BlockJUnit4ClassRunner.java:57)
	at org.junit.runners.ParentRunner$3.run(ParentRunner.java:290)
	at org.junit.runners.ParentRunner$1.schedule(ParentRunner.java:71)
	at org.junit.runners.ParentRunner.runChildren(ParentRunner.java:288)
	at org.junit.runners.ParentRunner.access$000(ParentRunner.java:58)
	at org.junit.runners.ParentRunner$2.evaluate(ParentRunner.java:268)
	at org.junit.runners.ParentRunner.run(ParentRunner.java:363)
	at org.apache.maven.surefire.junit4.JUnit4Provider.execute(JUnit4Provider.java:252)
	at org.apache.maven.surefire.junit4.JUnit4Provider.executeTestSet(JUnit4Provider.java:141)
	at org.apache.maven.surefire.junit4.JUnit4Provider.invoke(JUnit4Provider.java:112)
	at java.base/jdk.internal.reflect.NativeMethodAccessorImpl.invoke0(Native Method)
	at java.base/jdk.internal.reflect.NativeMethodAccessorImpl.invoke(NativeMethodAccessorImpl.java:62)
	at java.base/jdk.internal.reflect.DelegatingMethodAccessorImpl.invoke(DelegatingMethodAccessorImpl.java:43)
	at java.base/java.lang.reflect.Method.invoke(Method.java:567)
	at org.apache.maven.surefire.util.ReflectionUtils.invokeMethodWithArray(ReflectionUtils.java:189)
	at org.apache.maven.surefire.booter.ProviderFactory$ProviderProxy.invoke(ProviderFactory.java:165)
	at org.apache.maven.surefire.booter.ProviderFactory.invokeProvider(ProviderFactory.java:85)
	at org.apache.maven.surefire.booter.ForkedBooter.runSuitesInProcess(ForkedBooter.java:115)
	at org.apache.maven.surefire.booter.ForkedBooter.main(ForkedBooter.java:75)
</error>
    <system-out>wsl 
 pdftohtml -xml -i -c -q -s C:\Users\Programmierarbeit\OneDrive\Desktop\Testdaten\Andere\-for-working-papers-in-scandinavian-syntax-pdf.pdf tempDir/-for-working-papers-in-scandinavian-syntax-pdf.xml
</system-out>
    <system-err>Feb. 23, 2022 5:22:54 AM util.PDFToXML convertToXml
INFO: Waiting for conversion to finish..
Feb. 23, 2022 5:22:54 AM util.PDFToXML convertToXml
INFO: Conversion done.
</system-err>
  </testcase>
</testsuite>